  CIOCP.cpp
s:\kpu\4-1\gameserver\assignment\chessgameserver\chessgameserver\ciocp.cpp(98): warning C4996: 'WSASocketA': Use WSASocketW() instead or define _WINSOCK_DEPRECATED_NO_WARNINGS to disable deprecated API warnings
  c:\program files (x86)\windows kits\10\include\10.0.14393.0\um\winsock2.h(3413): note: see declaration of 'WSASocketA'
s:\kpu\4-1\gameserver\assignment\chessgameserver\chessgameserver\ciocp.cpp(330): warning C4996: 'inet_ntoa': Use inet_ntop() or InetNtop() instead or define _WINSOCK_DEPRECATED_NO_WARNINGS to disable deprecated API warnings
  c:\program files (x86)\windows kits\10\include\10.0.14393.0\um\winsock2.h(1846): note: see declaration of 'inet_ntoa'
s:\kpu\4-1\gameserver\assignment\chessgameserver\chessgameserver\ciocp.cpp(381): warning C4244: '=': conversion from 'LONG' to 'WORD', possible loss of data
s:\kpu\4-1\gameserver\assignment\chessgameserver\chessgameserver\ciocp.cpp(382): warning C4244: '=': conversion from 'LONG' to 'WORD', possible loss of data
s:\kpu\4-1\gameserver\assignment\chessgameserver\chessgameserver\ciocp.cpp(394): warning C4244: '=': conversion from 'LONG' to 'WORD', possible loss of data
s:\kpu\4-1\gameserver\assignment\chessgameserver\chessgameserver\ciocp.cpp(395): warning C4244: '=': conversion from 'LONG' to 'WORD', possible loss of data
s:\kpu\4-1\gameserver\assignment\chessgameserver\chessgameserver\ciocp.cpp(417): warning C4244: '=': conversion from 'const LONG' to 'WORD', possible loss of data
s:\kpu\4-1\gameserver\assignment\chessgameserver\chessgameserver\ciocp.cpp(418): warning C4244: '=': conversion from 'const LONG' to 'WORD', possible loss of data
s:\kpu\4-1\gameserver\assignment\chessgameserver\chessgameserver\ciocp.cpp(429): warning C4244: '=': conversion from 'const LONG' to 'WORD', possible loss of data
s:\kpu\4-1\gameserver\assignment\chessgameserver\chessgameserver\ciocp.cpp(430): warning C4244: '=': conversion from 'const LONG' to 'WORD', possible loss of data
s:\kpu\4-1\gameserver\assignment\chessgameserver\chessgameserver\ciocp.cpp(644): warning C4244: 'argument': conversion from 'unsigned __int64' to 'const WORD', possible loss of data
s:\kpu\4-1\gameserver\assignment\chessgameserver\chessgameserver\ciocp.cpp(651): warning C4244: 'argument': conversion from 'unsigned __int64' to 'const WORD', possible loss of data
s:\kpu\4-1\gameserver\assignment\chessgameserver\chessgameserver\ciocp.cpp(699): warning C4244: 'argument': conversion from 'unsigned __int64' to 'const WORD', possible loss of data
s:\kpu\4-1\gameserver\assignment\chessgameserver\chessgameserver\ciocp.cpp(711): warning C4244: 'argument': conversion from 'unsigned __int64' to 'const WORD', possible loss of data
s:\kpu\4-1\gameserver\assignment\chessgameserver\chessgameserver\ciocp.cpp(168): warning C4172: returning address of local variable or temporary
s:\kpu\4-1\gameserver\assignment\chessgameserver\chessgameserver\ciocp.cpp(173): warning C4172: returning address of local variable or temporary
s:\kpu\4-1\gameserver\assignment\chessgameserver\chessgameserver\ciocp.cpp(185): warning C4172: returning address of local variable or temporary
s:\kpu\4-1\gameserver\assignment\chessgameserver\chessgameserver\ciocp.cpp(189): warning C4172: returning address of local variable or temporary
s:\kpu\4-1\gameserver\assignment\chessgameserver\chessgameserver\ciocp.cpp(201): warning C4172: returning address of local variable or temporary
s:\kpu\4-1\gameserver\assignment\chessgameserver\chessgameserver\ciocp.cpp(205): warning C4172: returning address of local variable or temporary
s:\kpu\4-1\gameserver\assignment\chessgameserver\chessgameserver\ciocp.cpp(256): warning C4172: returning address of local variable or temporary
s:\kpu\4-1\gameserver\assignment\chessgameserver\chessgameserver\ciocp.cpp(262): warning C4172: returning address of local variable or temporary
s:\kpu\4-1\gameserver\assignment\chessgameserver\chessgameserver\ciocp.cpp(216): warning C4172: returning address of local variable or temporary
s:\kpu\4-1\gameserver\assignment\chessgameserver\chessgameserver\ciocp.cpp(221): warning C4172: returning address of local variable or temporary
s:\kpu\4-1\gameserver\assignment\chessgameserver\chessgameserver\ciocp.cpp(265): warning C4172: returning address of local variable or temporary
s:\kpu\4-1\gameserver\assignment\chessgameserver\chessgameserver\ciocp.cpp(285): warning C4172: returning address of local variable or temporary
s:\kpu\4-1\gameserver\assignment\chessgameserver\chessgameserver\ciocp.cpp(293): warning C4172: returning address of local variable or temporary
  ChessGameServer.vcxproj -> S:\KPU\4-1\GameServer\Assignment\ChessGameServer\Debug\ChessGameServer.exe
  ChessGameServer.vcxproj -> S:\KPU\4-1\GameServer\Assignment\ChessGameServer\Debug\ChessGameServer.pdb (Partial PDB)
