  main.cpp
  CIOCP.cpp
s:\kpu\4-1\gameserver\assignment\chessgameserver\chessgameserver\ciocp.cpp(98): warning C4996: 'WSASocketA': Use WSASocketW() instead or define _WINSOCK_DEPRECATED_NO_WARNINGS to disable deprecated API warnings
  c:\program files (x86)\windows kits\10\include\10.0.14393.0\um\winsock2.h(3413): note: see declaration of 'WSASocketA'
s:\kpu\4-1\gameserver\assignment\chessgameserver\chessgameserver\ciocp.cpp(114): warning C4996: 'strcpy': This function or variable may be unsafe. Consider using strcpy_s instead. To disable deprecation, use _CRT_SECURE_NO_WARNINGS. See online help for details.
  c:\program files (x86)\windows kits\10\include\10.0.14393.0\ucrt\string.h(129): note: see declaration of 'strcpy'
s:\kpu\4-1\gameserver\assignment\chessgameserver\chessgameserver\ciocp.cpp(161): warning C4477: 'printf' : format string '%d' requires an argument of type 'int', but variadic argument 1 has type 'SOCKET'
  s:\kpu\4-1\gameserver\assignment\chessgameserver\chessgameserver\ciocp.cpp(161): note: consider using '%lld' in the format string
  s:\kpu\4-1\gameserver\assignment\chessgameserver\chessgameserver\ciocp.cpp(161): note: consider using '%Id' in the format string
  s:\kpu\4-1\gameserver\assignment\chessgameserver\chessgameserver\ciocp.cpp(161): note: consider using '%I64d' in the format string
s:\kpu\4-1\gameserver\assignment\chessgameserver\chessgameserver\ciocp.cpp(337): warning C4477: 'printf' : format string '%d' requires an argument of type 'int', but variadic argument 2 has type 'SOCKET'
  s:\kpu\4-1\gameserver\assignment\chessgameserver\chessgameserver\ciocp.cpp(337): note: consider using '%lld' in the format string
  s:\kpu\4-1\gameserver\assignment\chessgameserver\chessgameserver\ciocp.cpp(337): note: consider using '%Id' in the format string
  s:\kpu\4-1\gameserver\assignment\chessgameserver\chessgameserver\ciocp.cpp(337): note: consider using '%I64d' in the format string
s:\kpu\4-1\gameserver\assignment\chessgameserver\chessgameserver\ciocp.cpp(337): warning C4996: 'inet_ntoa': Use inet_ntop() or InetNtop() instead or define _WINSOCK_DEPRECATED_NO_WARNINGS to disable deprecated API warnings
  c:\program files (x86)\windows kits\10\include\10.0.14393.0\um\winsock2.h(1846): note: see declaration of 'inet_ntoa'
s:\kpu\4-1\gameserver\assignment\chessgameserver\chessgameserver\ciocp.cpp(359): warning C4996: 'strcpy': This function or variable may be unsafe. Consider using strcpy_s instead. To disable deprecation, use _CRT_SECURE_NO_WARNINGS. See online help for details.
  c:\program files (x86)\windows kits\10\include\10.0.14393.0\ucrt\string.h(129): note: see declaration of 'strcpy'
s:\kpu\4-1\gameserver\assignment\chessgameserver\chessgameserver\ciocp.cpp(413): warning C4244: '=': conversion from 'LONG' to 'WORD', possible loss of data
s:\kpu\4-1\gameserver\assignment\chessgameserver\chessgameserver\ciocp.cpp(414): warning C4244: '=': conversion from 'LONG' to 'WORD', possible loss of data
s:\kpu\4-1\gameserver\assignment\chessgameserver\chessgameserver\ciocp.cpp(427): warning C4244: '=': conversion from 'LONG' to 'WORD', possible loss of data
s:\kpu\4-1\gameserver\assignment\chessgameserver\chessgameserver\ciocp.cpp(428): warning C4244: '=': conversion from 'LONG' to 'WORD', possible loss of data
s:\kpu\4-1\gameserver\assignment\chessgameserver\chessgameserver\ciocp.cpp(450): warning C4244: '=': conversion from 'const LONG' to 'WORD', possible loss of data
s:\kpu\4-1\gameserver\assignment\chessgameserver\chessgameserver\ciocp.cpp(451): warning C4244: '=': conversion from 'const LONG' to 'WORD', possible loss of data
s:\kpu\4-1\gameserver\assignment\chessgameserver\chessgameserver\ciocp.cpp(462): warning C4244: '=': conversion from 'const LONG' to 'WORD', possible loss of data
s:\kpu\4-1\gameserver\assignment\chessgameserver\chessgameserver\ciocp.cpp(463): warning C4244: '=': conversion from 'const LONG' to 'WORD', possible loss of data
s:\kpu\4-1\gameserver\assignment\chessgameserver\chessgameserver\ciocp.cpp(637): warning C4996: 'strcpy': This function or variable may be unsafe. Consider using strcpy_s instead. To disable deprecation, use _CRT_SECURE_NO_WARNINGS. See online help for details.
  c:\program files (x86)\windows kits\10\include\10.0.14393.0\ucrt\string.h(129): note: see declaration of 'strcpy'
s:\kpu\4-1\gameserver\assignment\chessgameserver\chessgameserver\ciocp.cpp(690): error C2664: 'BOOL GetQueuedCompletionStatus(HANDLE,LPDWORD,PULONG_PTR,LPOVERLAPPED *,DWORD)': cannot convert argument 3 from 'LPDWORD' to 'PULONG_PTR'
  s:\kpu\4-1\gameserver\assignment\chessgameserver\chessgameserver\ciocp.cpp(690): note: Types pointed to are unrelated; conversion requires reinterpret_cast, C-style cast or function-style cast
s:\kpu\4-1\gameserver\assignment\chessgameserver\chessgameserver\ciocp.cpp(700): warning C4244: 'argument': conversion from 'unsigned __int64' to 'const WORD', possible loss of data
s:\kpu\4-1\gameserver\assignment\chessgameserver\chessgameserver\ciocp.cpp(707): warning C4244: 'argument': conversion from 'unsigned __int64' to 'const WORD', possible loss of data
s:\kpu\4-1\gameserver\assignment\chessgameserver\chessgameserver\ciocp.cpp(755): warning C4244: 'argument': conversion from 'unsigned __int64' to 'const WORD', possible loss of data
s:\kpu\4-1\gameserver\assignment\chessgameserver\chessgameserver\ciocp.cpp(767): warning C4244: 'argument': conversion from 'unsigned __int64' to 'const WORD', possible loss of data
s:\kpu\4-1\gameserver\assignment\chessgameserver\chessgameserver\ciocp.cpp(777): warning C4477: 'printf' : format string '%d' requires an argument of type 'int', but variadic argument 1 has type 'SOCKET'
  s:\kpu\4-1\gameserver\assignment\chessgameserver\chessgameserver\ciocp.cpp(777): note: consider using '%lld' in the format string
  s:\kpu\4-1\gameserver\assignment\chessgameserver\chessgameserver\ciocp.cpp(777): note: consider using '%Id' in the format string
  s:\kpu\4-1\gameserver\assignment\chessgameserver\chessgameserver\ciocp.cpp(777): note: consider using '%I64d' in the format string
  Generating Code...
