  CPlayer.cpp
  Generating Code...
  Compiling...
  STMap.cpp
s:\kpu\4-1\gameserver\assignment\termproject\chessgame\chessgame\stmap.cpp(15): warning C4554: '&': check operator precedence for possible error; use parentheses to clarify precedence
s:\kpu\4-1\gameserver\assignment\termproject\chessgame\chessgame\stmap.cpp(16): warning C4554: '&': check operator precedence for possible error; use parentheses to clarify precedence
s:\kpu\4-1\gameserver\assignment\termproject\chessgame\chessgame\stmap.cpp(28): warning C4554: '&': check operator precedence for possible error; use parentheses to clarify precedence
s:\kpu\4-1\gameserver\assignment\termproject\chessgame\chessgame\stmap.cpp(44): warning C4554: '&': check operator precedence for possible error; use parentheses to clarify precedence
s:\kpu\4-1\gameserver\assignment\termproject\chessgame\chessgame\stmap.cpp(45): warning C4554: '&': check operator precedence for possible error; use parentheses to clarify precedence
s:\kpu\4-1\gameserver\assignment\termproject\chessgame\chessgame\stmap.cpp(57): warning C4554: '&': check operator precedence for possible error; use parentheses to clarify precedence
  ChessMain.cpp
  CTransmission.cpp
s:\kpu\4-1\gameserver\assignment\termproject\chessgame\chessgame\ctransmission.cpp(46): warning C4996: 'inet_addr': Use inet_pton() or InetPton() instead or define _WINSOCK_DEPRECATED_NO_WARNINGS to disable deprecated API warnings
  c:\program files (x86)\windows kits\10\include\10.0.14393.0\um\winsock2.h(1828): note: see declaration of 'inet_addr'
s:\kpu\4-1\gameserver\assignment\termproject\chessgame\chessgame\ctransmission.cpp(105): warning C4996: 'WSAAsyncSelect': Use WSAEventSelect() instead or define _WINSOCK_DEPRECATED_NO_WARNINGS to disable deprecated API warnings
  c:\program files (x86)\windows kits\10\include\10.0.14393.0\um\winsock2.h(2677): note: see declaration of 'WSAAsyncSelect'
s:\kpu\4-1\gameserver\assignment\termproject\chessgame\chessgame\ctransmission.cpp(222): warning C4996: 'WSAAsyncSelect': Use WSAEventSelect() instead or define _WINSOCK_DEPRECATED_NO_WARNINGS to disable deprecated API warnings
  c:\program files (x86)\windows kits\10\include\10.0.14393.0\um\winsock2.h(2677): note: see declaration of 'WSAAsyncSelect'
s:\kpu\4-1\gameserver\assignment\termproject\chessgame\chessgame\ctransmission.cpp(285): warning C4267: '=': conversion from 'size_t' to 'BYTE', possible loss of data
s:\kpu\4-1\gameserver\assignment\termproject\chessgame\chessgame\ctransmission.cpp(286): warning C4267: '=': conversion from 'size_t' to 'BYTE', possible loss of data
s:\kpu\4-1\gameserver\assignment\termproject\chessgame\chessgame\ctransmission.cpp(304): warning C4267: '=': conversion from 'size_t' to 'BYTE', possible loss of data
s:\kpu\4-1\gameserver\assignment\termproject\chessgame\chessgame\ctransmission.cpp(305): warning C4267: '=': conversion from 'size_t' to 'BYTE', possible loss of data
  Generating Code...
s:\kpu\4-1\gameserver\assignment\termproject\chessgame\chessgame\ctransmission.cpp(40): warning C4172: returning address of local variable or temporary
s:\kpu\4-1\gameserver\assignment\termproject\chessgame\chessgame\ctransmission.cpp(109): warning C4715: 'CTransmission::ProcessPacket': not all control paths return a value
s:\kpu\4-1\gameserver\assignment\termproject\chessgame\chessgame\ctransmission.cpp(51): warning C4172: returning address of local variable or temporary
s:\kpu\4-1\gameserver\assignment\termproject\chessgame\chessgame\ctransmission.cpp(54): warning C4172: returning address of local variable or temporary
s:\kpu\4-1\gameserver\assignment\termproject\chessgame\chessgame\ctransmission.cpp(96): warning C4172: returning address of local variable or temporary
s:\kpu\4-1\gameserver\assignment\termproject\chessgame\chessgame\ctransmission.cpp(99): warning C4172: returning address of local variable or temporary
s:\kpu\4-1\gameserver\assignment\termproject\chessgame\chessgame\ctransmission.cpp(107): warning C4172: returning address of local variable or temporary
s:\kpu\4-1\gameserver\assignment\termproject\chessgame\chessgame\ctransmission.cpp(219): warning C4172: returning address of local variable or temporary
s:\kpu\4-1\gameserver\assignment\termproject\chessgame\chessgame\ctransmission.cpp(224): warning C4172: returning address of local variable or temporary
s:\kpu\4-1\gameserver\assignment\termproject\chessgame\chessgame\ctransmission.cpp(226): warning C4172: returning address of local variable or temporary
  ChessGame.vcxproj -> S:\KPU\4-1\GameServer\Assignment\TermProject\ChessGame\Debug\ChessGame.exe
  ChessGame.vcxproj -> S:\KPU\4-1\GameServer\Assignment\TermProject\ChessGame\Debug\ChessGame.pdb (Partial PDB)
