  ChessMain.cpp
  CTransmission.cpp
s:\kpu\4-1\gameserver\assignment\chessgame\chessgame\ctransmission.cpp(47): warning C4996: 'inet_addr': Use inet_pton() or InetPton() instead or define _WINSOCK_DEPRECATED_NO_WARNINGS to disable deprecated API warnings
  c:\program files (x86)\windows kits\10\include\10.0.14393.0\um\winsock2.h(1828): note: see declaration of 'inet_addr'
s:\kpu\4-1\gameserver\assignment\chessgame\chessgame\ctransmission.cpp(106): warning C4996: 'WSAAsyncSelect': Use WSAEventSelect() instead or define _WINSOCK_DEPRECATED_NO_WARNINGS to disable deprecated API warnings
  c:\program files (x86)\windows kits\10\include\10.0.14393.0\um\winsock2.h(2677): note: see declaration of 'WSAAsyncSelect'
s:\kpu\4-1\gameserver\assignment\chessgame\chessgame\ctransmission.cpp(182): warning C4996: 'WSAAsyncSelect': Use WSAEventSelect() instead or define _WINSOCK_DEPRECATED_NO_WARNINGS to disable deprecated API warnings
  c:\program files (x86)\windows kits\10\include\10.0.14393.0\um\winsock2.h(2677): note: see declaration of 'WSAAsyncSelect'
  CPlayer.cpp
  Generating Code...
s:\kpu\4-1\gameserver\assignment\chessgame\chessgame\ctransmission.cpp(41): warning C4172: returning address of local variable or temporary
s:\kpu\4-1\gameserver\assignment\chessgame\chessgame\ctransmission.cpp(52): warning C4172: returning address of local variable or temporary
s:\kpu\4-1\gameserver\assignment\chessgame\chessgame\ctransmission.cpp(55): warning C4172: returning address of local variable or temporary
s:\kpu\4-1\gameserver\assignment\chessgame\chessgame\ctransmission.cpp(179): warning C4172: returning address of local variable or temporary
s:\kpu\4-1\gameserver\assignment\chessgame\chessgame\ctransmission.cpp(184): warning C4172: returning address of local variable or temporary
s:\kpu\4-1\gameserver\assignment\chessgame\chessgame\ctransmission.cpp(186): warning C4172: returning address of local variable or temporary
s:\kpu\4-1\gameserver\assignment\chessgame\chessgame\ctransmission.cpp(110): warning C4715: 'CTransmission::ProcessPacket': not all control paths return a value
s:\kpu\4-1\gameserver\assignment\chessgame\chessgame\ctransmission.cpp(97): warning C4172: returning address of local variable or temporary
s:\kpu\4-1\gameserver\assignment\chessgame\chessgame\ctransmission.cpp(100): warning C4172: returning address of local variable or temporary
s:\kpu\4-1\gameserver\assignment\chessgame\chessgame\ctransmission.cpp(108): warning C4172: returning address of local variable or temporary
  Skipping... (no relevant changes detected)
  STMap.cpp
  ChessGame.vcxproj -> S:\KPU\4-1\GameServer\Assignment\ChessGame\Debug\ChessGame.exe
  ChessGame.vcxproj -> S:\KPU\4-1\GameServer\Assignment\ChessGame\Debug\ChessGame.pdb (Partial PDB)
