  CIOCP.cpp
s:\kpu\4-1\gameserver\assignment\chessgameserver\chessgameserver\ciocp.cpp(80): warning C4996: 'WSASocketA': Use WSASocketW() instead or define _WINSOCK_DEPRECATED_NO_WARNINGS to disable deprecated API warnings
  c:\program files (x86)\windows kits\10\include\10.0.14393.0\um\winsock2.h(3413): note: see declaration of 'WSASocketA'
s:\kpu\4-1\gameserver\assignment\chessgameserver\chessgameserver\ciocp.cpp(284): warning C4996: 'inet_ntoa': Use inet_ntop() or InetNtop() instead or define _WINSOCK_DEPRECATED_NO_WARNINGS to disable deprecated API warnings
  c:\program files (x86)\windows kits\10\include\10.0.14393.0\um\winsock2.h(1846): note: see declaration of 'inet_ntoa'
s:\kpu\4-1\gameserver\assignment\chessgameserver\chessgameserver\ciocp.cpp(321): warning C4244: '=': conversion from 'LONG' to 'BYTE', possible loss of data
s:\kpu\4-1\gameserver\assignment\chessgameserver\chessgameserver\ciocp.cpp(322): warning C4244: '=': conversion from 'LONG' to 'BYTE', possible loss of data
s:\kpu\4-1\gameserver\assignment\chessgameserver\chessgameserver\ciocp.cpp(333): warning C4244: '=': conversion from 'LONG' to 'BYTE', possible loss of data
s:\kpu\4-1\gameserver\assignment\chessgameserver\chessgameserver\ciocp.cpp(334): warning C4244: '=': conversion from 'LONG' to 'BYTE', possible loss of data
s:\kpu\4-1\gameserver\assignment\chessgameserver\chessgameserver\ciocp.cpp(503): warning C4244: 'argument': conversion from 'unsigned __int64' to 'const WORD', possible loss of data
s:\kpu\4-1\gameserver\assignment\chessgameserver\chessgameserver\ciocp.cpp(510): warning C4244: 'argument': conversion from 'unsigned __int64' to 'const WORD', possible loss of data
s:\kpu\4-1\gameserver\assignment\chessgameserver\chessgameserver\ciocp.cpp(558): warning C4244: 'argument': conversion from 'unsigned __int64' to 'const WORD', possible loss of data
s:\kpu\4-1\gameserver\assignment\chessgameserver\chessgameserver\ciocp.cpp(524): warning C4996: 'inet_ntoa': Use inet_ntop() or InetNtop() instead or define _WINSOCK_DEPRECATED_NO_WARNINGS to disable deprecated API warnings
  c:\program files (x86)\windows kits\10\include\10.0.14393.0\um\winsock2.h(1846): note: see declaration of 'inet_ntoa'
s:\kpu\4-1\gameserver\assignment\chessgameserver\chessgameserver\ciocp.cpp(561): warning C4996: 'inet_ntoa': Use inet_ntop() or InetNtop() instead or define _WINSOCK_DEPRECATED_NO_WARNINGS to disable deprecated API warnings
  c:\program files (x86)\windows kits\10\include\10.0.14393.0\um\winsock2.h(1846): note: see declaration of 'inet_ntoa'
s:\kpu\4-1\gameserver\assignment\chessgameserver\chessgameserver\ciocp.cpp(164): warning C4172: returning address of local variable or temporary
s:\kpu\4-1\gameserver\assignment\chessgameserver\chessgameserver\ciocp.cpp(168): warning C4172: returning address of local variable or temporary
s:\kpu\4-1\gameserver\assignment\chessgameserver\chessgameserver\ciocp.cpp(147): warning C4172: returning address of local variable or temporary
s:\kpu\4-1\gameserver\assignment\chessgameserver\chessgameserver\ciocp.cpp(152): warning C4172: returning address of local variable or temporary
s:\kpu\4-1\gameserver\assignment\chessgameserver\chessgameserver\ciocp.cpp(180): warning C4172: returning address of local variable or temporary
s:\kpu\4-1\gameserver\assignment\chessgameserver\chessgameserver\ciocp.cpp(185): warning C4172: returning address of local variable or temporary
s:\kpu\4-1\gameserver\assignment\chessgameserver\chessgameserver\ciocp.cpp(246): warning C4172: returning address of local variable or temporary
s:\kpu\4-1\gameserver\assignment\chessgameserver\chessgameserver\ciocp.cpp(217): warning C4172: returning address of local variable or temporary
s:\kpu\4-1\gameserver\assignment\chessgameserver\chessgameserver\ciocp.cpp(223): warning C4172: returning address of local variable or temporary
s:\kpu\4-1\gameserver\assignment\chessgameserver\chessgameserver\ciocp.cpp(226): warning C4172: returning address of local variable or temporary
  ChessGameServer.vcxproj -> S:\KPU\4-1\GameServer\Assignment\ChessGameServer\Debug\ChessGameServer.exe
  ChessGameServer.vcxproj -> S:\KPU\4-1\GameServer\Assignment\ChessGameServer\Debug\ChessGameServer.pdb (Partial PDB)
